<<<<<<< Updated upstream
2016-10-23 14:20:07,716 pyclaw.io INFO CLAW: 299 - Wrote out solution in format ascii for time t=0.0
2016-10-23 14:20:07,717 pyclaw.controller INFO CLAW: 416 - Solution 0 computed for time t=0.000000
2016-10-23 14:20:07,730 pyclaw.io INFO CLAW: 299 - Wrote out solution in format ascii for time t=0.1
2016-10-23 14:20:07,730 pyclaw.controller INFO CLAW: 416 - Solution 1 computed for time t=0.100000
2016-10-23 14:20:07,735 pyclaw.io INFO CLAW: 299 - Wrote out solution in format ascii for time t=0.2
2016-10-23 14:20:07,735 pyclaw.controller INFO CLAW: 416 - Solution 2 computed for time t=0.200000
2016-10-23 14:20:07,741 pyclaw.io INFO CLAW: 299 - Wrote out solution in format ascii for time t=0.3
2016-10-23 14:20:07,741 pyclaw.controller INFO CLAW: 416 - Solution 3 computed for time t=0.300000
2016-10-23 14:20:07,748 pyclaw.io INFO CLAW: 299 - Wrote out solution in format ascii for time t=0.4
2016-10-23 14:20:07,748 pyclaw.controller INFO CLAW: 416 - Solution 4 computed for time t=0.400000
2016-10-23 14:20:07,755 pyclaw.io INFO CLAW: 299 - Wrote out solution in format ascii for time t=0.5
2016-10-23 14:20:07,755 pyclaw.controller INFO CLAW: 416 - Solution 5 computed for time t=0.500000
2016-10-23 14:20:07,760 pyclaw.io INFO CLAW: 299 - Wrote out solution in format ascii for time t=0.6
2016-10-23 14:20:07,760 pyclaw.controller INFO CLAW: 416 - Solution 6 computed for time t=0.600000
2016-10-23 14:20:07,766 pyclaw.io INFO CLAW: 299 - Wrote out solution in format ascii for time t=0.7
2016-10-23 14:20:07,766 pyclaw.controller INFO CLAW: 416 - Solution 7 computed for time t=0.700000
2016-10-23 14:20:07,771 pyclaw.io INFO CLAW: 299 - Wrote out solution in format ascii for time t=0.8
2016-10-23 14:20:07,771 pyclaw.controller INFO CLAW: 416 - Solution 8 computed for time t=0.800000
2016-10-23 14:20:07,776 pyclaw.io INFO CLAW: 299 - Wrote out solution in format ascii for time t=0.9
2016-10-23 14:20:07,776 pyclaw.controller INFO CLAW: 416 - Solution 9 computed for time t=0.900000
2016-10-23 14:20:07,786 pyclaw.io INFO CLAW: 299 - Wrote out solution in format ascii for time t=1.0
2016-10-23 14:20:07,786 pyclaw.controller INFO CLAW: 416 - Solution 10 computed for time t=1.000000
=======
2016-10-24 21:58:54,748 pyclaw.io INFO CLAW: 299 - Wrote out solution in format ascii for time t=0.0
2016-10-24 21:58:54,748 pyclaw.controller INFO CLAW: 416 - Solution 0 computed for time t=0.000000
2016-10-24 21:58:56,693 pyclaw.io INFO CLAW: 299 - Wrote out solution in format ascii for time t=0.04
2016-10-24 21:58:56,693 pyclaw.controller INFO CLAW: 416 - Solution 1 computed for time t=0.040000
2016-10-24 21:58:58,631 pyclaw.io INFO CLAW: 299 - Wrote out solution in format ascii for time t=0.08
2016-10-24 21:58:58,631 pyclaw.controller INFO CLAW: 416 - Solution 2 computed for time t=0.080000
2016-10-24 21:59:00,634 pyclaw.io INFO CLAW: 299 - Wrote out solution in format ascii for time t=0.12
2016-10-24 21:59:00,634 pyclaw.controller INFO CLAW: 416 - Solution 3 computed for time t=0.120000
2016-10-24 21:59:02,592 pyclaw.io INFO CLAW: 299 - Wrote out solution in format ascii for time t=0.16
2016-10-24 21:59:02,592 pyclaw.controller INFO CLAW: 416 - Solution 4 computed for time t=0.160000
2016-10-24 21:59:04,685 pyclaw.io INFO CLAW: 299 - Wrote out solution in format ascii for time t=0.2
2016-10-24 21:59:04,685 pyclaw.controller INFO CLAW: 416 - Solution 5 computed for time t=0.200000
2016-10-24 21:59:06,687 pyclaw.io INFO CLAW: 299 - Wrote out solution in format ascii for time t=0.24
2016-10-24 21:59:06,687 pyclaw.controller INFO CLAW: 416 - Solution 6 computed for time t=0.240000
2016-10-24 21:59:09,516 pyclaw.io INFO CLAW: 299 - Wrote out solution in format ascii for time t=0.28
2016-10-24 21:59:09,516 pyclaw.controller INFO CLAW: 416 - Solution 7 computed for time t=0.280000
2016-10-24 21:59:12,264 pyclaw.io INFO CLAW: 299 - Wrote out solution in format ascii for time t=0.32
2016-10-24 21:59:12,264 pyclaw.controller INFO CLAW: 416 - Solution 8 computed for time t=0.320000
2016-10-24 21:59:15,083 pyclaw.io INFO CLAW: 299 - Wrote out solution in format ascii for time t=0.36
2016-10-24 21:59:15,083 pyclaw.controller INFO CLAW: 416 - Solution 9 computed for time t=0.360000
2016-10-24 21:59:18,060 pyclaw.io INFO CLAW: 299 - Wrote out solution in format ascii for time t=0.4
2016-10-24 21:59:18,063 pyclaw.controller INFO CLAW: 416 - Solution 10 computed for time t=0.400000
2016-10-24 21:59:19,990 pyclaw.io INFO CLAW: 299 - Wrote out solution in format ascii for time t=0.44
2016-10-24 21:59:19,990 pyclaw.controller INFO CLAW: 416 - Solution 11 computed for time t=0.440000
2016-10-24 21:59:22,668 pyclaw.io INFO CLAW: 299 - Wrote out solution in format ascii for time t=0.48
2016-10-24 21:59:22,669 pyclaw.controller INFO CLAW: 416 - Solution 12 computed for time t=0.480000
2016-10-24 21:59:25,336 pyclaw.io INFO CLAW: 299 - Wrote out solution in format ascii for time t=0.52
2016-10-24 21:59:25,336 pyclaw.controller INFO CLAW: 416 - Solution 13 computed for time t=0.520000
2016-10-24 21:59:27,213 pyclaw.io INFO CLAW: 299 - Wrote out solution in format ascii for time t=0.56
2016-10-24 21:59:27,213 pyclaw.controller INFO CLAW: 416 - Solution 14 computed for time t=0.560000
2016-10-24 21:59:29,114 pyclaw.io INFO CLAW: 299 - Wrote out solution in format ascii for time t=0.6
2016-10-24 21:59:29,114 pyclaw.controller INFO CLAW: 416 - Solution 15 computed for time t=0.600000
2016-10-24 21:59:31,069 pyclaw.io INFO CLAW: 299 - Wrote out solution in format ascii for time t=0.64
2016-10-24 21:59:31,070 pyclaw.controller INFO CLAW: 416 - Solution 16 computed for time t=0.640000
2016-10-24 21:59:32,971 pyclaw.io INFO CLAW: 299 - Wrote out solution in format ascii for time t=0.68
2016-10-24 21:59:32,971 pyclaw.controller INFO CLAW: 416 - Solution 17 computed for time t=0.680000
2016-10-24 21:59:34,864 pyclaw.io INFO CLAW: 299 - Wrote out solution in format ascii for time t=0.72
2016-10-24 21:59:34,864 pyclaw.controller INFO CLAW: 416 - Solution 18 computed for time t=0.720000
2016-10-24 21:59:36,766 pyclaw.io INFO CLAW: 299 - Wrote out solution in format ascii for time t=0.76
2016-10-24 21:59:36,766 pyclaw.controller INFO CLAW: 416 - Solution 19 computed for time t=0.760000
2016-10-24 21:59:38,683 pyclaw.io INFO CLAW: 299 - Wrote out solution in format ascii for time t=0.8
2016-10-24 21:59:38,683 pyclaw.controller INFO CLAW: 416 - Solution 20 computed for time t=0.800000
2016-10-24 21:59:40,600 pyclaw.io INFO CLAW: 299 - Wrote out solution in format ascii for time t=0.84
2016-10-24 21:59:40,600 pyclaw.controller INFO CLAW: 416 - Solution 21 computed for time t=0.840000
2016-10-24 21:59:42,495 pyclaw.io INFO CLAW: 299 - Wrote out solution in format ascii for time t=0.88
2016-10-24 21:59:42,495 pyclaw.controller INFO CLAW: 416 - Solution 22 computed for time t=0.880000
2016-10-24 21:59:44,398 pyclaw.io INFO CLAW: 299 - Wrote out solution in format ascii for time t=0.92
2016-10-24 21:59:44,398 pyclaw.controller INFO CLAW: 416 - Solution 23 computed for time t=0.920000
2016-10-24 21:59:46,301 pyclaw.io INFO CLAW: 299 - Wrote out solution in format ascii for time t=0.96
2016-10-24 21:59:46,301 pyclaw.controller INFO CLAW: 416 - Solution 24 computed for time t=0.960000
2016-10-24 21:59:48,204 pyclaw.io INFO CLAW: 299 - Wrote out solution in format ascii for time t=1.0
2016-10-24 21:59:48,204 pyclaw.controller INFO CLAW: 416 - Solution 25 computed for time t=1.000000
2016-10-24 21:59:50,127 pyclaw.io INFO CLAW: 299 - Wrote out solution in format ascii for time t=1.04
2016-10-24 21:59:50,127 pyclaw.controller INFO CLAW: 416 - Solution 26 computed for time t=1.040000
2016-10-24 21:59:52,122 pyclaw.io INFO CLAW: 299 - Wrote out solution in format ascii for time t=1.08
2016-10-24 21:59:52,122 pyclaw.controller INFO CLAW: 416 - Solution 27 computed for time t=1.080000
2016-10-24 21:59:54,056 pyclaw.io INFO CLAW: 299 - Wrote out solution in format ascii for time t=1.12
2016-10-24 21:59:54,056 pyclaw.controller INFO CLAW: 416 - Solution 28 computed for time t=1.120000
2016-10-24 21:59:56,044 pyclaw.io INFO CLAW: 299 - Wrote out solution in format ascii for time t=1.16
2016-10-24 21:59:56,044 pyclaw.controller INFO CLAW: 416 - Solution 29 computed for time t=1.160000
2016-10-24 21:59:58,402 pyclaw.io INFO CLAW: 299 - Wrote out solution in format ascii for time t=1.2
2016-10-24 21:59:58,403 pyclaw.controller INFO CLAW: 416 - Solution 30 computed for time t=1.200000
2016-10-24 22:00:00,338 pyclaw.io INFO CLAW: 299 - Wrote out solution in format ascii for time t=1.24
2016-10-24 22:00:00,338 pyclaw.controller INFO CLAW: 416 - Solution 31 computed for time t=1.240000
2016-10-24 22:00:02,231 pyclaw.io INFO CLAW: 299 - Wrote out solution in format ascii for time t=1.28
2016-10-24 22:00:02,231 pyclaw.controller INFO CLAW: 416 - Solution 32 computed for time t=1.280000
2016-10-24 22:00:04,126 pyclaw.io INFO CLAW: 299 - Wrote out solution in format ascii for time t=1.32
2016-10-24 22:00:04,126 pyclaw.controller INFO CLAW: 416 - Solution 33 computed for time t=1.320000
2016-10-24 22:00:06,017 pyclaw.io INFO CLAW: 299 - Wrote out solution in format ascii for time t=1.36
2016-10-24 22:00:06,017 pyclaw.controller INFO CLAW: 416 - Solution 34 computed for time t=1.360000
2016-10-24 22:00:07,933 pyclaw.io INFO CLAW: 299 - Wrote out solution in format ascii for time t=1.4
2016-10-24 22:00:07,933 pyclaw.controller INFO CLAW: 416 - Solution 35 computed for time t=1.400000
2016-10-24 22:00:09,913 pyclaw.io INFO CLAW: 299 - Wrote out solution in format ascii for time t=1.44
2016-10-24 22:00:09,914 pyclaw.controller INFO CLAW: 416 - Solution 36 computed for time t=1.440000
2016-10-24 22:00:11,839 pyclaw.io INFO CLAW: 299 - Wrote out solution in format ascii for time t=1.48
2016-10-24 22:00:11,840 pyclaw.controller INFO CLAW: 416 - Solution 37 computed for time t=1.480000
2016-10-24 22:00:14,074 pyclaw.io INFO CLAW: 299 - Wrote out solution in format ascii for time t=1.52
2016-10-24 22:00:14,074 pyclaw.controller INFO CLAW: 416 - Solution 38 computed for time t=1.520000
2016-10-24 22:00:15,977 pyclaw.io INFO CLAW: 299 - Wrote out solution in format ascii for time t=1.56
2016-10-24 22:00:15,977 pyclaw.controller INFO CLAW: 416 - Solution 39 computed for time t=1.560000
2016-10-24 22:00:17,974 pyclaw.io INFO CLAW: 299 - Wrote out solution in format ascii for time t=1.6
2016-10-24 22:00:17,977 pyclaw.controller INFO CLAW: 416 - Solution 40 computed for time t=1.600000
2016-10-24 22:00:20,182 pyclaw.io INFO CLAW: 299 - Wrote out solution in format ascii for time t=1.64
2016-10-24 22:00:20,182 pyclaw.controller INFO CLAW: 416 - Solution 41 computed for time t=1.640000
2016-10-24 22:00:22,126 pyclaw.io INFO CLAW: 299 - Wrote out solution in format ascii for time t=1.68
2016-10-24 22:00:22,126 pyclaw.controller INFO CLAW: 416 - Solution 42 computed for time t=1.680000
2016-10-24 22:00:24,144 pyclaw.io INFO CLAW: 299 - Wrote out solution in format ascii for time t=1.72
2016-10-24 22:00:24,144 pyclaw.controller INFO CLAW: 416 - Solution 43 computed for time t=1.720000
2016-10-24 22:00:26,131 pyclaw.io INFO CLAW: 299 - Wrote out solution in format ascii for time t=1.76
2016-10-24 22:00:26,131 pyclaw.controller INFO CLAW: 416 - Solution 44 computed for time t=1.760000
2016-10-24 22:00:28,126 pyclaw.io INFO CLAW: 299 - Wrote out solution in format ascii for time t=1.8
2016-10-24 22:00:28,126 pyclaw.controller INFO CLAW: 416 - Solution 45 computed for time t=1.800000
2016-10-24 22:00:30,059 pyclaw.io INFO CLAW: 299 - Wrote out solution in format ascii for time t=1.84
2016-10-24 22:00:30,059 pyclaw.controller INFO CLAW: 416 - Solution 46 computed for time t=1.840000
2016-10-24 22:00:31,946 pyclaw.io INFO CLAW: 299 - Wrote out solution in format ascii for time t=1.88
2016-10-24 22:00:31,946 pyclaw.controller INFO CLAW: 416 - Solution 47 computed for time t=1.880000
2016-10-24 22:00:33,858 pyclaw.io INFO CLAW: 299 - Wrote out solution in format ascii for time t=1.92
2016-10-24 22:00:33,858 pyclaw.controller INFO CLAW: 416 - Solution 48 computed for time t=1.920000
2016-10-24 22:00:35,767 pyclaw.io INFO CLAW: 299 - Wrote out solution in format ascii for time t=1.96
2016-10-24 22:00:35,767 pyclaw.controller INFO CLAW: 416 - Solution 49 computed for time t=1.960000
2016-10-24 22:00:37,670 pyclaw.io INFO CLAW: 299 - Wrote out solution in format ascii for time t=2.0
2016-10-24 22:00:37,670 pyclaw.controller INFO CLAW: 416 - Solution 50 computed for time t=2.000000
2016-10-24 22:01:09,822 pyclaw.io INFO CLAW: 342 - Read in solution for time t=0.0
2016-10-24 22:01:12,386 pyclaw.io INFO CLAW: 342 - Read in solution for time t=0.04
2016-10-24 22:01:13,630 pyclaw.io INFO CLAW: 342 - Read in solution for time t=0.08
2016-10-24 22:01:14,540 pyclaw.io INFO CLAW: 342 - Read in solution for time t=0.12
2016-10-24 22:01:15,370 pyclaw.io INFO CLAW: 342 - Read in solution for time t=0.16
2016-10-24 22:01:16,243 pyclaw.io INFO CLAW: 342 - Read in solution for time t=0.2
2016-10-24 22:01:17,137 pyclaw.io INFO CLAW: 342 - Read in solution for time t=0.24
2016-10-24 22:01:17,977 pyclaw.io INFO CLAW: 342 - Read in solution for time t=0.28
2016-10-24 22:01:22,632 pyclaw.io INFO CLAW: 342 - Read in solution for time t=0.32
2016-10-24 22:01:23,096 pyclaw.io INFO CLAW: 342 - Read in solution for time t=0.36
2016-10-24 22:01:23,572 pyclaw.io INFO CLAW: 342 - Read in solution for time t=0.4
2016-10-24 22:01:24,104 pyclaw.io INFO CLAW: 342 - Read in solution for time t=0.44
2016-10-24 22:02:28,241 pyclaw.io INFO CLAW: 342 - Read in solution for time t=0.48
2016-10-24 22:02:29,375 pyclaw.io INFO CLAW: 342 - Read in solution for time t=0.52
2016-10-24 22:02:33,707 pyclaw.io INFO CLAW: 342 - Read in solution for time t=0.56
2016-10-24 22:02:34,169 pyclaw.io INFO CLAW: 342 - Read in solution for time t=0.6
2016-10-24 22:02:34,693 pyclaw.io INFO CLAW: 342 - Read in solution for time t=0.64
2016-10-24 22:02:35,147 pyclaw.io INFO CLAW: 342 - Read in solution for time t=0.68
2016-10-24 22:02:36,131 pyclaw.io INFO CLAW: 342 - Read in solution for time t=0.72
2016-10-24 22:02:37,088 pyclaw.io INFO CLAW: 342 - Read in solution for time t=0.76
2016-10-24 22:02:46,996 pyclaw.io INFO CLAW: 342 - Read in solution for time t=0.8
2016-10-24 22:02:47,546 pyclaw.io INFO CLAW: 342 - Read in solution for time t=0.84
2016-10-24 22:02:48,007 pyclaw.io INFO CLAW: 342 - Read in solution for time t=0.88
2016-10-24 22:02:48,471 pyclaw.io INFO CLAW: 342 - Read in solution for time t=0.92
2016-10-24 22:02:48,942 pyclaw.io INFO CLAW: 342 - Read in solution for time t=0.96
2016-10-24 22:02:49,422 pyclaw.io INFO CLAW: 342 - Read in solution for time t=1.0
2016-10-24 22:02:54,146 pyclaw.io INFO CLAW: 342 - Read in solution for time t=1.04
2016-10-24 22:02:55,139 pyclaw.io INFO CLAW: 342 - Read in solution for time t=1.08
2016-10-24 22:03:06,485 pyclaw.io INFO CLAW: 342 - Read in solution for time t=1.12
2016-10-24 22:03:06,935 pyclaw.io INFO CLAW: 342 - Read in solution for time t=1.16
2016-10-24 22:03:07,397 pyclaw.io INFO CLAW: 342 - Read in solution for time t=1.2
2016-10-24 22:03:07,901 pyclaw.io INFO CLAW: 342 - Read in solution for time t=1.24
2016-10-24 22:03:08,346 pyclaw.io INFO CLAW: 342 - Read in solution for time t=1.28
2016-10-24 22:03:08,786 pyclaw.io INFO CLAW: 342 - Read in solution for time t=1.32
2016-10-24 22:03:09,720 pyclaw.io INFO CLAW: 342 - Read in solution for time t=1.36
2016-10-24 22:03:12,380 pyclaw.io INFO CLAW: 342 - Read in solution for time t=1.4
2016-10-24 22:03:16,808 pyclaw.io INFO CLAW: 342 - Read in solution for time t=1.44
2016-10-24 22:03:22,765 pyclaw.io INFO CLAW: 342 - Read in solution for time t=1.48
2016-10-24 22:03:23,240 pyclaw.io INFO CLAW: 342 - Read in solution for time t=1.52
2016-10-24 22:03:23,711 pyclaw.io INFO CLAW: 342 - Read in solution for time t=1.56
2016-10-24 22:03:24,161 pyclaw.io INFO CLAW: 342 - Read in solution for time t=1.6
>>>>>>> Stashed changes
